16:32:15.247 [main] INFO  TestCase.TC_001_LoginTest - Enterig the valid data to login 
16:32:16.142 [main] INFO  TestCase.TC_001_LoginTest - Login Test Passed 
16:32:16.144 [main] INFO  TestCase.TC_001_LoginTest - ***Login test finished ***
16:33:24.439 [main] INFO  TestCase.TC_001_LoginTest - Staring of login Test 
16:33:24.445 [main] DEBUG TestCase.TC_001_LoginTest - Capturing application debug logs
16:33:24.459 [main] INFO  TestCase.TC_001_LoginTest - CLick action on login link 
16:33:25.219 [main] INFO  TestCase.TC_001_LoginTest - Enterig the valid data to login 
16:33:26.926 [main] INFO  TestCase.TC_001_LoginTest - Login Test Passed 
16:33:26.928 [main] INFO  TestCase.TC_001_LoginTest - ***Login test finished ***
16:34:54.888 [main] INFO  TestCase.TC_001_LoginTest - Staring of login Test 
16:34:54.893 [main] DEBUG TestCase.TC_001_LoginTest - Capturing application debug logs
16:34:54.909 [main] INFO  TestCase.TC_001_LoginTest - CLick action on login link 
16:34:55.322 [main] INFO  TestCase.TC_001_LoginTest - Enterig the valid data to login 
16:34:56.623 [main] INFO  TestCase.TC_001_LoginTest - Login Test Passed 
16:34:56.625 [main] INFO  TestCase.TC_001_LoginTest - ***Login test finished ***
16:35:27.991 [main] INFO  TestCase.TC_001_LoginTest - Staring of login Test 
16:35:28.002 [main] DEBUG TestCase.TC_001_LoginTest - Capturing application debug logs
16:35:28.021 [main] INFO  TestCase.TC_001_LoginTest - CLick action on login link 
16:35:28.471 [main] INFO  TestCase.TC_001_LoginTest - Enterig the valid data to login 
16:35:29.567 [main] INFO  TestCase.TC_001_LoginTest - Login Test Passed 
16:35:29.569 [main] INFO  TestCase.TC_001_LoginTest - ***Login test finished ***
16:38:27.915 [main] INFO  TestCase.TC_001_LoginTest - Staring of login Test 
16:38:27.924 [main] DEBUG TestCase.TC_001_LoginTest - Capturing application debug logs
16:38:27.940 [main] INFO  TestCase.TC_001_LoginTest - CLick action on login link 
16:38:28.600 [main] INFO  TestCase.TC_001_LoginTest - Enterig the valid data to login 
16:38:29.321 [main] INFO  TestCase.TC_001_LoginTest - Login Test Passed 
16:38:29.323 [main] INFO  TestCase.TC_001_LoginTest - ***Login test finished ***
16:41:33.695 [main] INFO  TestCase.TC_001_LoginTest - Staring of login Test 
16:41:33.702 [main] DEBUG TestCase.TC_001_LoginTest - Capturing application debug logs
16:41:33.717 [main] INFO  TestCase.TC_001_LoginTest - CLick action on login link 
16:41:34.153 [main] INFO  TestCase.TC_001_LoginTest - Enterig the valid data to login 
16:41:34.875 [main] INFO  TestCase.TC_001_LoginTest - Login Test Passed 
16:41:34.878 [main] INFO  TestCase.TC_001_LoginTest - ***Login test finished ***
16:43:12.496 [main] INFO  TestCase.TC_001_LoginTest - Staring of login Test 
16:43:12.500 [main] DEBUG TestCase.TC_001_LoginTest - Capturing application debug logs
16:43:12.516 [main] INFO  TestCase.TC_001_LoginTest - CLick action on login link 
16:43:13.072 [main] INFO  TestCase.TC_001_LoginTest - Enterig the valid data to login 
16:43:13.894 [main] INFO  TestCase.TC_001_LoginTest - Login Test Passed 
16:43:13.896 [main] INFO  TestCase.TC_001_LoginTest - ***Login test finished ***
16:45:31.663 [main] INFO  TestCase.TC_001_LoginTest - Staring of login Test 
16:45:31.667 [main] DEBUG TestCase.TC_001_LoginTest - Capturing application debug logs
16:45:31.691 [main] INFO  TestCase.TC_001_LoginTest - CLick action on login link 
16:45:32.168 [main] INFO  TestCase.TC_001_LoginTest - Enterig the valid data to login 
16:45:33.348 [main] INFO  TestCase.TC_001_LoginTest - Login Test Passed 
16:45:33.350 [main] INFO  TestCase.TC_001_LoginTest - ***Login test finished ***
16:46:18.752 [main] INFO  TestCase.TC_001_LoginTest - Staring of login Test 
16:46:18.758 [main] DEBUG TestCase.TC_001_LoginTest - Capturing application debug logs
16:46:18.772 [main] INFO  TestCase.TC_001_LoginTest - CLick action on login link 
16:46:19.206 [main] INFO  TestCase.TC_001_LoginTest - Enterig the valid data to login 
16:46:20.279 [main] INFO  TestCase.TC_001_LoginTest - Login Test Passed 
16:46:20.282 [main] INFO  TestCase.TC_001_LoginTest - ***Login test finished ***
16:47:13.281 [main] INFO  TestCase.TC_001_LoginTest - Staring of login Test 
16:47:13.285 [main] DEBUG TestCase.TC_001_LoginTest - Capturing application debug logs
16:47:13.301 [main] INFO  TestCase.TC_001_LoginTest - CLick action on login link 
16:47:13.730 [main] INFO  TestCase.TC_001_LoginTest - Enterig the valid data to login 
16:47:14.467 [main] INFO  TestCase.TC_001_LoginTest - Login Test Passed 
16:47:14.469 [main] INFO  TestCase.TC_001_LoginTest - ***Login test finished ***
16:51:38.212 [main] INFO  TestCase.TC_001_LoginTest - Staring of login Test 
16:51:38.224 [main] DEBUG TestCase.TC_001_LoginTest - Capturing application debug logs
16:51:38.242 [main] INFO  TestCase.TC_001_LoginTest - CLick action on login link 
16:51:38.695 [main] INFO  TestCase.TC_001_LoginTest - Enterig the valid data to login 
